<?xml version="1.0" encoding="UTF-8"?>
<!-- Generated by org.testng.reporters.JUnitReportReporter -->
<testsuite hostname="LAPTOP-E8T0R53H" failures="0" tests="1" name="TestCases.Footertestcases" time="16.828" errors="0" timestamp="2023-02-27T17:00:42 IST" skipped="0">
  <testcase classname="TestCases.Footertestcases" name="footerobjects" time="16.828"/>
  <system-out/>
</testsuite> <!-- TestCases.Footertestcases -->
