<?xml version="1.0" encoding="UTF-8"?>
<!-- Generated by org.testng.reporters.JUnitReportReporter -->
<testsuite hostname="LAPTOP-E8T0R53H" failures="0" tests="1" name="TestCases.addtocarttestcases" time="16.437" errors="0" timestamp="2023-02-27T17:05:50 IST" skipped="0">
  <testcase classname="TestCases.addtocarttestcases" name="addtocartobjects" time="16.437"/>
  <system-out/>
</testsuite> <!-- TestCases.addtocarttestcases -->
