<?xml version="1.0" encoding="UTF-8"?>
<!-- Generated by org.testng.reporters.JUnitReportReporter -->
<testsuite hostname="LAPTOP-E8T0R53H" failures="0" tests="1" name="TestCases.Homepagetestcases" time="28.127" errors="0" timestamp="2023-02-27T16:58:30 IST" skipped="0">
  <testcase classname="TestCases.Homepagetestcases" name="homepageobjects" time="28.127"/>
  <system-out/>
</testsuite> <!-- TestCases.Homepagetestcases -->
