<?xml version="1.0" encoding="UTF-8"?>
<!-- Generated by org.testng.reporters.JUnitReportReporter -->
<testsuite hostname="LAPTOP-E8T0R53H" failures="0" tests="1" name="TestCases.Logintestcases" time="18.403" errors="0" timestamp="2023-01-02T21:03:45 IST" skipped="0">
  <testcase classname="TestCases.Logintestcases" name="login" time="18.403"/>
  <system-out/>
</testsuite> <!-- TestCases.Logintestcases -->
