<?xml version="1.0" encoding="UTF-8"?>
<!-- Generated by org.testng.reporters.JUnitReportReporter -->
<testsuite hostname="LAPTOP-E8T0R53H" failures="0" tests="1" name="TestCases.Footerestcases" time="24.095" errors="0" timestamp="2023-02-24T15:28:36 IST" skipped="0">
  <testcase classname="TestCases.Footerestcases" name="footerobjects" time="24.095"/>
  <system-out/>
</testsuite> <!-- TestCases.Footerestcases -->
